Timer unit: 4.46227e-07 s

Total time: 3.26368 s
File: C:\Users\marti\Documents\Uni_ETH\FS18\StochSim\ssa_routine.py
Function: ssa_routine at line 92

Line #      Hits         Time  Per Hit   % Time  Line Contents
==============================================================
    92                                           def ssa_routine(k, t_end, q0, nu):
    93                                               """ Stochastic Simulation Algorithm
    94                                           
    95                                               Performs sampling from distribution governed by chemical master equation.
    96                                           
    97                                               Parameters
    98                                               --------------
    99                                               k: array, vector stochastic reaction constants
   100                                               t_end: int, number of steps for the simulation
   101                                               q0: array, initial number of molecules for each species
   102                                               nu: ndarray, stochiometric matrix, with state change vectors in columns
   103                                               
   104                                               Returns
   105                                               --------------
   106                                               Q: array, vector of states q at times t
   107                                               time: array, vector of times t
   108                                               """
   109                                               
   110                                               #Initialize arrays to store states and tick times.
   111         1            7      7.0      0.0      time = []
   112         1            3      3.0      0.0      t = 0
   113         1            4      4.0      0.0      time.append(t)
   114                                               
   115         1            2      2.0      0.0      Q = []
   116         1            2      2.0      0.0      state = q0
   117         1            3      3.0      0.0      Q.append(state)
   118                                               
   119     20580        71930      3.5      1.0      while t < t_end:  
   120     20579      2325960    113.0     31.8          propensities, total_prop = get_propensities(k, state)
   121     20579       782091     38.0     10.7          if total_prop == 0 or any(propensities < 0):
   122                                                       print("All populations go to extinction, end of simulation.")
   123                                                       print("Relative time: {:.2f}".format(t/t_end))
   124                                                       return np.asarray(Q), np.asarray(time)
   125                                                   # Draw random samples for update of state and time step
   126     20579      3574266    173.7     48.9          idx, tau = draw_ssa(propensities, total_prop)
   127                                                   ## Find random change in state - see theory
   128     20579       273844     13.3      3.7          state = state + nu[idx, :]
   129     20579        90267      4.4      1.2          Q.append(state)
   130                                                   
   131                                                   ## Find random time step size - see theory
   132     20579        89692      4.4      1.2          t = t + tau
   133     20579        60285      2.9      0.8          time.append(t)
   134                                               
   135                                               # Add singleton dimension for easier concatenation later
   136         1        39407  39407.0      0.5      Q = np.asarray(Q)
   137         1           90     90.0      0.0      Q = np.reshape(Q, Q.shape+(1,))
   138         1         6057   6057.0      0.1      time = np.asarray(time)
   139         1           48     48.0      0.0      time = np.reshape(time, time.shape+(1,))
   140                                               
   141         1            3      3.0      0.0      return Q, time